.eslintrc.json 27ms
.next/build-manifest.json 6ms
.next/package.json 4ms
.next/react-loadable-manifest.json 1ms
.next/server/_error.js 41ms
.next/server/middleware-build-manifest.js 13ms
.next/server/middleware-manifest.json 1ms
.next/server/middleware-react-loadable-manifest.js 1ms
.next/server/pages-manifest.json 8ms
.next/server/pages/_app.js 2574ms
.next/server/pages/_document.js 369ms
.next/server/pages/_error.js 5ms
.next/server/pages/api/auth/[...nextauth].js 51ms
.next/server/pages/auth/signin.js 262ms
.next/server/pages/salaryCounter.js 307ms
.next/server/pages/test.js 1487ms
.next/server/webpack-api-runtime.js 29ms
.next/server/webpack-runtime.js 26ms
.next/static/chunks/_error.js 5ms
.next/static/chunks/amp.js 420ms
.next/static/chunks/main.js 457ms
.next/static/chunks/pages/_app.js 2526ms
.next/static/chunks/pages/_error.js 46ms
.next/static/chunks/pages/auth/signin.js 3ms
.next/static/chunks/pages/salaryCounter.js 16ms
.next/static/chunks/pages/test.js 8ms
.next/static/chunks/polyfills.js 451ms
.next/static/chunks/react-refresh.js 34ms
.next/static/chunks/webpack.js 73ms
.next/static/development/_buildManifest.js 4ms
.next/static/development/_ssgManifest.js 1ms
.next/static/webpack/6b6c5098af7424c5.webpack.hot-update.json 4ms
.next/static/webpack/6f6e0e99425d87ef.webpack.hot-update.json 3ms
.next/static/webpack/a3f7e343ef601ef0.webpack.hot-update.json 1ms
.next/static/webpack/b2b7b9534c70f2cb.webpack.hot-update.json 4ms
.next/static/webpack/d47cf735b3d21dc4.webpack.hot-update.json 1ms
.next/static/webpack/dac35c78c708453a.webpack.hot-update.json 3ms
.next/static/webpack/webpack.6b6c5098af7424c5.hot-update.js 6ms
.next/static/webpack/webpack.6f6e0e99425d87ef.hot-update.js 2ms
.next/static/webpack/webpack.a3f7e343ef601ef0.hot-update.js 2ms
.next/static/webpack/webpack.b2b7b9534c70f2cb.hot-update.js 2ms
.next/static/webpack/webpack.d47cf735b3d21dc4.hot-update.js 2ms
.next/static/webpack/webpack.dac35c78c708453a.hot-update.js 2ms
.vscode/settings.json 1ms
.yarnrc.yml 26ms
components/Asset/Income.tsx 109ms
components/Asset/Layout.tsx 7ms
components/Budget/BudgetControl/BudgetForm.tsx 30ms
components/Budget/BudgetControl/DeleteBudget.tsx 10ms
components/Budget/BudgetControl/index.tsx 5ms
components/Budget/BudgetsList/index.tsx 7ms
components/Budget/BudgetTransactionControl/columns.tsx 4ms
components/Budget/Layout.tsx 3ms
components/Budget/Overview/index.tsx 6ms
components/Budget/Statistics/index.tsx 3ms
components/Budget/Transactions/columns.tsx 21ms
components/Budget/Transactions/index.tsx 9ms
components/Chart.tsx 6ms
components/Csv.tsx 11ms
components/Currency/index.tsx 9ms
components/Form/Autocomplete.tsx 13ms
components/Form/Form.test.ts 3ms
components/Form/index.tsx 1ms
components/Form/TextInput.tsx 4ms
components/Layout/Footer.tsx 3ms
components/Layout/Header.tsx 7ms
components/Layout/HeaderMenu.tsx 11ms
components/Layout/index.tsx 7ms
components/Layout/Sidebar.tsx 5ms
components/Layout/SidebarContent.tsx 9ms
components/Layout/SidebarItem.tsx 8ms
components/Markets/CryptoComparison.tsx 12ms
components/Markets/Cryptocurrency/columns.tsx 10ms
components/Markets/Cryptocurrency/index.tsx 3ms
components/Markets/Forex/columns.tsx 9ms
components/Markets/Forex/index.tsx 4ms
components/Portfolio/AccountBreakdown.tsx 2ms
components/Portfolio/Accounts/AccountsList.tsx 25ms
components/Portfolio/AssetControl/AssetForm.tsx 14ms
components/Portfolio/AssetControl/DeleteAsset.tsx 5ms
components/Portfolio/AssetControl/index.tsx 1ms
components/Portfolio/AssetTransactionControl/DeleteTransaction.tsx 2ms
components/Portfolio/AssetTransactionControl/index.tsx 2ms
components/Portfolio/AssetTransactionControl/TransactionForm.tsx 10ms
components/Portfolio/columns.tsx 5ms
components/Portfolio/ControlBar.tsx 3ms
components/Portfolio/Layout.tsx 2ms
components/Portfolio/Overview/AccountsList/columns.tsx 13ms
components/Portfolio/Overview/AccountsList/index.tsx 3ms
components/Portfolio/Overview/AccountsList/TransactionTable.tsx 2ms
components/Portfolio/Overview/AllocationPieChart.tsx 5ms
components/Portfolio/Overview/AssetTable/columns.tsx 7ms
components/Portfolio/Overview/AssetTable/hooks.tsx 5ms
components/Portfolio/Overview/AssetTable/index.tsx 2ms
components/Portfolio/Overview/HistorySnapshots.tsx 6ms
components/Portfolio/Overview/IncorportateMe.tsx 4ms
components/Portfolio/Overview/NetWorthCostBasisChart.tsx 4ms
components/Portfolio/Overview/OverviewCard.tsx 3ms
components/Portfolio/Overview/TableSubRow.tsx 5ms
components/Portfolio/Transactions/columns.tsx 7ms
components/Portfolio/Transactions/TransactionList.tsx 2ms
components/Providers/I18n.tsx 3ms
components/Providers/index.tsx 2ms
components/Providers/Privacy.tsx 3ms
components/Providers/Theme.tsx 2ms
components/Settings/Form.tsx 7ms
components/Settings/UserCurrency.tsx 3ms
components/Stat/index.tsx 3ms
components/Table1D.tsx 3ms
components/test/CopyContent.tsx 5ms
components/test/index.tsx 11ms
env/client.mjs 6ms
env/schema.mjs 4ms
env/server.mjs 3ms
i18n.ts 2ms
i18n/en.json 2ms
i18next-parser.config.js 2ms
lang/en-AU.json 1ms
lang/en-US.json 0ms
lang/zh-CN.json 0ms
middleware.ts 1ms
next-env.d.ts 2ms
next-seo.config.js 2ms
next-sitemap.config.js 2ms
next-swagger-doc.json 1ms
next.config.js 3ms
package.json 5ms
pages/_app.tsx 6ms
pages/_document.tsx 3ms
pages/admin.tsx 17ms
pages/api/auth/[...nextauth].ts 8ms
pages/api/auth/bearerToken.ts 7ms
pages/api/auth/getServerSession.ts 4ms
pages/api/auth/hasUserSession.ts 7ms
pages/api/doc/index.ts 3ms
pages/api/trpc/[trpc].ts 2ms
pages/auth/index.tsx 5ms
pages/auth/signin.tsx 6ms
pages/budgets/index.tsx 3ms
pages/dev/docs.tsx 2ms
pages/dev/index.tsx 2ms
pages/dev/roadmap.tsx 2ms
pages/dev/stack.tsx 4ms
pages/index.tsx 4ms
pages/markets/crypto/[crypto].tsx 3ms
pages/markets/forex/[forex].tsx 2ms
pages/markets/index.tsx 3ms
pages/portfolio/accounts/index.tsx 2ms
pages/portfolio/index.tsx 6ms
pages/portfolio/overview/index.tsx 4ms
pages/portfolio/statistics/index.tsx 1ms
pages/portfolio/transactions/index.tsx 2ms
pages/pricing.tsx 1ms
pages/profile.tsx 3ms
pages/salaryCounter.tsx 12ms
pages/test/index.tsx 12ms
public/site.webmanifest 5ms
public/swagger.json 4ms
README.md 39ms
server/api.ts 5ms
server/common/get-server-auth-session.ts 2ms
server/trpc/context.ts 3ms
server/trpc/router/_app.ts 3ms
server/trpc/router/assets/create.ts 2ms
server/trpc/router/assets/delete.ts 4ms
server/trpc/router/assets/getAssetById.ts 3ms
server/trpc/router/assets/getAssetsByUserId.ts 5ms
server/trpc/router/assets/getAssetsWithMarket.ts 2ms
server/trpc/router/assets/getPortfolioAllocation.ts 7ms
server/trpc/router/assets/index.ts 24ms
server/trpc/router/assets/update.ts 3ms
server/trpc/router/assetTransaction/create.ts 7ms
server/trpc/router/assetTransaction/delete.ts 2ms
server/trpc/router/assetTransaction/index.ts 5ms
server/trpc/router/assetTransaction/update.ts 3ms
server/trpc/router/auth.ts 2ms
server/trpc/router/budget/create.ts 2ms
server/trpc/router/budget/delete.ts 3ms
server/trpc/router/budget/index.ts 11ms
server/trpc/router/budget/update.ts 2ms
server/trpc/router/budgetEnvelope/schema.ts 8ms
server/trpc/router/budgetTransaction/create.ts 6ms
server/trpc/router/budgetTransaction/delete.ts 3ms
server/trpc/router/budgetTransaction/index.ts 8ms
server/trpc/router/budgetTransaction/update.ts 4ms
server/trpc/router/logs/index.ts 5ms
server/trpc/router/logs/schema.ts 1ms
server/trpc/router/markets/index.ts 11ms
server/trpc/router/schema.ts 1ms
server/trpc/router/settings/index.ts 5ms
server/trpc/router/user/getUserById.ts 6ms
server/trpc/router/user/index.ts 8ms
server/trpc/trpc.ts 5ms
styles/globals.css 28ms
styles/Home.module.css 7ms
styles/preview.module.css 5ms
styles/react-markdown.module.css 2ms
styles/theme.tsx 19ms
tsconfig.json 5ms
types/crypto-balances-2.d.ts 2ms
types/google-finance.d.ts 1ms
types/next-auth.d.ts 6ms
types/react-sparklines.d.ts 3ms
types/ws.d.ts 1ms
utils/countries.ts 81ms
utils/date.ts 4ms
utils/decimal.ts 2ms
utils/toast.ts 2ms
utils/trpc.ts 5ms
utils/utilityTypes.ts 2ms
utils/zod.ts 6ms
