.eslintrc.json 32ms
.next/build-manifest.json 4ms
.next/package.json 2ms
.next/react-loadable-manifest.json 2ms
.next/server/_error.js 22ms
.next/server/middleware-build-manifest.js 5ms
.next/server/middleware-manifest.json 2ms
.next/server/middleware-react-loadable-manifest.js 2ms
.next/server/pages-manifest.json 2ms
.next/server/pages/_app.js 2590ms
.next/server/pages/_document.js 445ms
.next/server/pages/_error.js 6ms
.next/server/pages/api/auth/[...nextauth].js 65ms
.next/server/pages/api/trpc/[trpc].js 213ms
.next/server/pages/auth/signin.js 253ms
.next/server/pages/portfolio.js 1440ms
.next/server/pages/salaryCounter.js 291ms
.next/server/pages/test.js 1296ms
.next/server/webpack-api-runtime.js 26ms
.next/server/webpack-runtime.js 40ms
.next/static/chunks/_error.js 2ms
.next/static/chunks/amp.js 401ms
.next/static/chunks/main.js 472ms
.next/static/chunks/node_modules_react-apexcharts_dist_react-apexcharts_min_js.js 21ms
.next/static/chunks/pages/_app.js 2087ms
.next/static/chunks/pages/_error.js 32ms
.next/static/chunks/pages/auth/signin.js 3ms
.next/static/chunks/pages/portfolio.js 70ms
.next/static/chunks/pages/salaryCounter.js 13ms
.next/static/chunks/pages/test.js 4ms
.next/static/chunks/polyfills.js 311ms
.next/static/chunks/react-refresh.js 24ms
.next/static/chunks/webpack.js 66ms
.next/static/development/_buildManifest.js 2ms
.next/static/development/_ssgManifest.js 1ms
.next/static/webpack/0c9fb0aad1deef1a.webpack.hot-update.json 1ms
.next/static/webpack/44f5a7152951637e.webpack.hot-update.json 0ms
.next/static/webpack/6b6c5098af7424c5.webpack.hot-update.json 1ms
.next/static/webpack/6f6e0e99425d87ef.webpack.hot-update.json 1ms
.next/static/webpack/72b491a26634d32b.webpack.hot-update.json 1ms
.next/static/webpack/7e7350632051df3e.webpack.hot-update.json 1ms
.next/static/webpack/8267ceb83bbd1040.webpack.hot-update.json 1ms
.next/static/webpack/a3f7e343ef601ef0.webpack.hot-update.json 0ms
.next/static/webpack/b2b7b9534c70f2cb.webpack.hot-update.json 1ms
.next/static/webpack/d47cf735b3d21dc4.webpack.hot-update.json 1ms
.next/static/webpack/dac35c78c708453a.webpack.hot-update.json 1ms
.next/static/webpack/dcbfbc0341a5d19d.webpack.hot-update.json 1ms
.next/static/webpack/pages/_app.0c9fb0aad1deef1a.hot-update.js 5ms
.next/static/webpack/pages/_app.44f5a7152951637e.hot-update.js 16ms
.next/static/webpack/pages/_app.72b491a26634d32b.hot-update.js 3ms
.next/static/webpack/webpack.0c9fb0aad1deef1a.hot-update.js 1ms
.next/static/webpack/webpack.44f5a7152951637e.hot-update.js 1ms
.next/static/webpack/webpack.6b6c5098af7424c5.hot-update.js 1ms
.next/static/webpack/webpack.6f6e0e99425d87ef.hot-update.js 1ms
.next/static/webpack/webpack.72b491a26634d32b.hot-update.js 2ms
.next/static/webpack/webpack.7e7350632051df3e.hot-update.js 28ms
.next/static/webpack/webpack.8267ceb83bbd1040.hot-update.js 2ms
.next/static/webpack/webpack.a3f7e343ef601ef0.hot-update.js 2ms
.next/static/webpack/webpack.b2b7b9534c70f2cb.hot-update.js 1ms
.next/static/webpack/webpack.d47cf735b3d21dc4.hot-update.js 2ms
.next/static/webpack/webpack.dac35c78c708453a.hot-update.js 1ms
.next/static/webpack/webpack.dcbfbc0341a5d19d.hot-update.js 1ms
.vscode/settings.json 1ms
.yarnrc.yml 12ms
components/Asset/Income.tsx 95ms
components/Asset/Layout.tsx 6ms
components/Budget/BudgetControl/BudgetForm.tsx 21ms
components/Budget/BudgetControl/DeleteBudget.tsx 6ms
components/Budget/BudgetControl/index.tsx 3ms
components/Budget/BudgetsList/index.tsx 5ms
components/Budget/BudgetTransactionControl/columns.tsx 4ms
components/Budget/Layout.tsx 3ms
components/Budget/Overview/index.tsx 6ms
components/Budget/Statistics/index.tsx 2ms
components/Budget/Transactions/columns.tsx 16ms
components/Budget/Transactions/index.tsx 8ms
components/Chart.tsx 4ms
components/Csv.tsx 9ms
components/Currency/index.tsx 6ms
components/Form/Autocomplete.tsx 7ms
components/Form/Form.test.ts 2ms
components/Form/index.tsx 1ms
components/Form/TextInput.tsx 4ms
components/Layout/Footer.tsx 4ms
components/Layout/Header.tsx 6ms
components/Layout/HeaderMenu.tsx 7ms
components/Layout/index.tsx 4ms
components/Layout/Sidebar.tsx 6ms
components/Layout/SidebarContent.tsx 8ms
components/Layout/SidebarItem.tsx 4ms
components/Markets/CryptoComparison.tsx 13ms
components/Markets/Cryptocurrency/columns.tsx 6ms
components/Markets/Cryptocurrency/index.tsx 2ms
components/Markets/Forex/columns.tsx 8ms
components/Markets/Forex/index.tsx 4ms
components/Portfolio/AccountBreakdown.tsx 2ms
components/Portfolio/Accounts/AccountsList.tsx 23ms
components/Portfolio/AssetControl/AssetForm.tsx 10ms
components/Portfolio/AssetControl/DeleteAsset.tsx 4ms
components/Portfolio/AssetControl/index.tsx 2ms
components/Portfolio/AssetTransactionControl/DeleteTransaction.tsx 3ms
components/Portfolio/AssetTransactionControl/index.tsx 1ms
components/Portfolio/AssetTransactionControl/TransactionForm.tsx 10ms
components/Portfolio/columns.tsx 3ms
components/Portfolio/ControlBar.tsx 3ms
components/Portfolio/Layout.tsx 1ms
components/Portfolio/Overview/AccountsList/columns.tsx 11ms
components/Portfolio/Overview/AccountsList/index.tsx 1ms
components/Portfolio/Overview/AccountsList/TransactionTable.tsx 2ms
components/Portfolio/Overview/AllocationPieChart.tsx 5ms
components/Portfolio/Overview/AssetTable/columns.tsx 7ms
components/Portfolio/Overview/AssetTable/hooks.tsx 4ms
components/Portfolio/Overview/AssetTable/index.tsx 2ms
components/Portfolio/Overview/HistorySnapshots.tsx 5ms
components/Portfolio/Overview/IncorportateMe.tsx 4ms
components/Portfolio/Overview/NetWorthCostBasisChart.tsx 5ms
components/Portfolio/Overview/OverviewCard.tsx 3ms
components/Portfolio/Overview/TableSubRow.tsx 4ms
components/Portfolio/Transactions/columns.tsx 6ms
components/Portfolio/Transactions/TransactionList.tsx 2ms
components/Providers/I18n.tsx 3ms
components/Providers/index.tsx 2ms
components/Providers/Privacy.tsx 3ms
components/Providers/Theme.tsx 1ms
components/Settings/Form.tsx 6ms
components/Settings/UserCurrency.tsx 2ms
components/Stat/index.tsx 2ms
components/Table1D.tsx 4ms
components/test/CopyContent.tsx 4ms
components/test/index.tsx 9ms
env/client.mjs 4ms
env/schema.mjs 2ms
env/server.mjs 1ms
i18n.ts 2ms
i18n/en.json 1ms
i18next-parser.config.js 2ms
lang/en-AU.json 1ms
lang/en-US.json 1ms
lang/zh-CN.json 0ms
middleware.ts 1ms
next-env.d.ts 1ms
next-seo.config.js 1ms
next-sitemap.config.js 1ms
next-swagger-doc.json 1ms
next.config.js 2ms
package.json 3ms
pages/_app.tsx 3ms
pages/_document.tsx 5ms
pages/admin.tsx 14ms
pages/api/auth/[...nextauth].ts 7ms
pages/api/auth/bearerToken.ts 3ms
pages/api/auth/getServerSession.ts 1ms
pages/api/auth/hasUserSession.ts 3ms
pages/api/doc/index.ts 2ms
pages/api/trpc/[trpc].ts 2ms
pages/auth/index.tsx 4ms
pages/auth/signin.tsx 3ms
pages/budgets/index.tsx 2ms
pages/dev/docs.tsx 2ms
pages/dev/index.tsx 2ms
pages/dev/roadmap.tsx 3ms
pages/dev/stack.tsx 3ms
pages/index.tsx 4ms
pages/markets/crypto/[crypto].tsx 3ms
pages/markets/forex/[forex].tsx 2ms
pages/markets/index.tsx 2ms
pages/portfolio/accounts/index.tsx 3ms
pages/portfolio/index.tsx 5ms
pages/portfolio/overview/index.tsx 4ms
pages/portfolio/statistics/index.tsx 2ms
pages/portfolio/transactions/index.tsx 1ms
pages/pricing.tsx 1ms
pages/profile.tsx 3ms
pages/salaryCounter.tsx 11ms
pages/test/index.tsx 12ms
public/site.webmanifest 6ms
public/swagger.json 2ms
README.md 33ms
server/api.ts 4ms
server/common/get-server-auth-session.ts 1ms
server/trpc/context.ts 2ms
server/trpc/router/_app.ts 2ms
server/trpc/router/assets/create.ts 1ms
server/trpc/router/assets/delete.ts 1ms
server/trpc/router/assets/getAssetById.ts 1ms
server/trpc/router/assets/getAssetsByUserId.ts 2ms
server/trpc/router/assets/getAssetsWithMarket.ts 1ms
server/trpc/router/assets/getPortfolioAllocation.ts 3ms
server/trpc/router/assets/index.ts 11ms
server/trpc/router/assets/update.ts 3ms
server/trpc/router/assetTransaction/create.ts 5ms
server/trpc/router/assetTransaction/delete.ts 1ms
server/trpc/router/assetTransaction/index.ts 6ms
server/trpc/router/assetTransaction/update.ts 2ms
server/trpc/router/auth.ts 1ms
server/trpc/router/budget/create.ts 2ms
server/trpc/router/budget/delete.ts 2ms
server/trpc/router/budget/index.ts 8ms
server/trpc/router/budget/update.ts 1ms
server/trpc/router/budgetEnvelope/schema.ts 4ms
server/trpc/router/budgetTransaction/create.ts 3ms
server/trpc/router/budgetTransaction/delete.ts 1ms
server/trpc/router/budgetTransaction/index.ts 4ms
server/trpc/router/budgetTransaction/update.ts 1ms
server/trpc/router/logs/index.ts 2ms
server/trpc/router/logs/schema.ts 2ms
server/trpc/router/markets/index.ts 6ms
server/trpc/router/schema.ts 1ms
server/trpc/router/settings/index.ts 5ms
server/trpc/router/user/getUserById.ts 1ms
server/trpc/router/user/index.ts 6ms
server/trpc/trpc.ts 2ms
styles/globals.css 22ms
styles/Home.module.css 4ms
styles/preview.module.css 4ms
styles/react-markdown.module.css 2ms
styles/theme.tsx 5ms
tsconfig.json 3ms
types/crypto-balances-2.d.ts 1ms
types/google-finance.d.ts 0ms
types/next-auth.d.ts 1ms
types/react-sparklines.d.ts 0ms
types/ws.d.ts 1ms
utils/countries.ts 61ms
utils/date.ts 1ms
utils/decimal.ts 1ms
utils/toast.ts 1ms
utils/trpc.ts 2ms
utils/utilityTypes.ts 1ms
utils/zod.ts 2ms
