[36mweb:build[0m: cache hit, replaying output [2mc6772a174461b591[0m
[36mweb:build: [0m$ prisma generate
[36mweb:build: [0mEnvironment variables loaded from .env
[36mweb:build: [0mPrisma schema loaded from ../../packages/database/prisma/schema.prisma
[36mweb:build: [0m
[36mweb:build: [0m✔ Generated Prisma Client (4.1.1 | library) to ./../../packages/database/generated/prisma-client in 94ms
[36mweb:build: [0mYou can now start using Prisma Client in your code. Reference: https://pris.ly/d/client
[36mweb:build: [0m```
[36mweb:build: [0mimport { PrismaClient } from '../../packages/database/generated/prisma-client'
[36mweb:build: [0mconst prisma = new PrismaClient()
[36mweb:build: [0m```
[36mweb:build: [0m
[36mweb:build: [0mwarn Versions of prisma@4.7.1 and @prisma/client@4.1.1 don't match.
[36mweb:build: [0mThis might lead to unexpected behavior.
[36mweb:build: [0mPlease make sure they have the same version.
[36mweb:build: [0m$ next build
[36mweb:build: [0minfo  - Loaded env from /Users/harrisfauntleroy/Documents/code/personal/turbo/examples/elixir.money-monorepo/apps/web/.env
[36mweb:build: [0minfo  - Linting and checking validity of types...
[36mweb:build: [0mFailed to compile.
[36mweb:build: [0m
[36mweb:build: [0m./src/components/Markets/Cryptocurrency/columns.tsx:45:49
[36mweb:build: [0mType error: Property 'name' does not exist on type '{ currency: string; image: string | null; updatedAt: Date; price: Decimal; name: string; ticker: string; priceChange24hPercent: Decimal; priceChange24h: Decimal; }[]'.
[36mweb:build: [0m
[36mweb:build: [0m[0m [90m 43 | [39m				[33m<[39m[33mLink[39m[0m
[36mweb:build: [0m[0m [90m 44 | [39m					href[33m=[39m{{[0m
[36mweb:build: [0m[0m[31m[1m>[22m[39m[90m 45 | [39m						pathname[33m:[39m [32m`/markets/crypto/${row.original.name}`[39m[33m,[39m[0m
[36mweb:build: [0m[0m [90m    | [39m						                                          [31m[1m^[22m[39m[0m
[36mweb:build: [0m[0m [90m 46 | [39m						query[33m:[39m {[0m
[36mweb:build: [0m[0m [90m 47 | [39m							name[33m:[39m row[33m.[39moriginal[33m.[39mname[33m,[39m[0m
[36mweb:build: [0m[0m [90m 48 | [39m							ticker[33m:[39m row[33m.[39moriginal[33m.[39mticker[33m,[39m[0m
[36mweb:build: [0merror Command failed with exit code 1.
[36mweb:build: [0minfo Visit https://yarnpkg.com/en/docs/cli/run for documentation about this command.
