.eslintrc.json 26ms
.yarnrc.yml 15ms
dist/index.d.ts 210ms
dist/index.js 184ms
dist/index.mjs 55ms
package.json 2ms
src/index.ts 2ms
src/models/Asset/AssetBuilder.ts 13ms
src/models/Asset/AssetTransactionBuilder.ts 30ms
src/models/Asset/calculateAssetValue.ts 44ms
src/models/Asset/calculateAssetValueOverview.ts 9ms
src/models/Asset/calculateSubAssetsValuesTotals.ts 7ms
src/models/Asset/calculateTransactions.test.ts 13ms
src/models/Asset/calculateTransactions.ts 12ms
src/models/Asset/index.ts 2ms
src/models/Asset/types.ts 7ms
src/models/index.ts 1ms
src/util/finance/averageGain.ts 4ms
src/util/finance/averageLoss.ts 4ms
src/util/finance/bollinger.ts 8ms
src/util/finance/currency.test.ts 11ms
src/util/finance/currency.ts 3ms
src/util/finance/ema.ts 4ms
src/util/finance/index.ts 2ms
src/util/finance/macd.ts 2ms
src/util/finance/rsi.ts 4ms
src/util/finance/sd.ts 6ms
src/util/finance/sma.ts 4ms
src/util/finance/sumTransactionsIf.ts 8ms
src/util/flattenObject.test.ts 35ms
src/util/flattenObject.ts 41ms
src/util/ideas.ts 40ms
src/util/index.ts 21ms
src/util/isNegative.ts 9ms
src/util/isNumeric.ts 23ms
src/util/logger.ts 10ms
src/util/mapWithMatchingData.ts 3ms
src/util/math/arithmetic.ts 15ms
src/util/math/average.test.ts 97ms
src/util/math/average.ts 4ms
src/util/math/index.ts 10ms
src/util/math/percentageChange.test.ts 10ms
src/util/math/percentageChange.ts 3ms
src/util/math/percentageDifference.test.ts 2ms
src/util/math/percentageDifference.ts 2ms
src/util/math/whatPercentOfXisY.ts 2ms
src/util/nullable.ts 3ms
src/util/sumArrayByKey.test.ts 13ms
src/util/sumArrayByKey.ts 4ms
src/util/sumGroupByCategory.test.ts 4ms
src/util/sumGroupByCategory.ts 3ms
tsconfig.json 2ms
