.eslintrc.json 40ms
.yarnrc.yml 19ms
dist/index.d.ts 286ms
dist/index.js 317ms
dist/index.mjs 227ms
package.json 9ms
src/index.ts 2ms
src/models/Asset/AssetBuilder.ts 11ms
src/models/Asset/AssetTransactionBuilder.ts 9ms
src/models/Asset/calculateAssetValue.ts 42ms
src/models/Asset/calculateAssetValueOverview.ts 27ms
src/models/Asset/calculateSubAssetsValuesTotals.ts 2ms
src/models/Asset/calculateTransactions.test.ts 22ms
src/models/Asset/calculateTransactions.ts 10ms
src/models/Asset/index.ts 4ms
src/models/Asset/types.ts 21ms
src/models/index.ts 1ms
src/util/finance/averageGain.ts 4ms
src/util/finance/averageLoss.ts 14ms
src/util/finance/bollinger.ts 11ms
src/util/finance/currency.test.ts 9ms
src/util/finance/currency.ts 6ms
src/util/finance/ema.ts 3ms
src/util/finance/index.ts 1ms
src/util/finance/macd.ts 3ms
src/util/finance/rsi.ts 2ms
src/util/finance/sd.ts 2ms
src/util/finance/sma.ts 2ms
src/util/finance/sumTransactionsIf.ts 9ms
src/util/flattenObject.test.ts 4ms
src/util/flattenObject.ts 11ms
src/util/ideas.ts 10ms
src/util/index.ts 6ms
src/util/isNegative.ts 15ms
src/util/isNumeric.ts 3ms
src/util/logger.ts 11ms
src/util/mapWithMatchingData.ts 14ms
src/util/math/arithmetic.ts 17ms
src/util/math/average.test.ts 7ms
src/util/math/average.ts 2ms
src/util/math/index.ts 1ms
src/util/math/percentageChange.test.ts 8ms
src/util/math/percentageChange.ts 4ms
src/util/math/percentageDifference.test.ts 2ms
src/util/math/percentageDifference.ts 2ms
src/util/math/whatPercentOfXisY.ts 2ms
src/util/nullable.ts 2ms
src/util/sumArrayByKey.test.ts 5ms
src/util/sumArrayByKey.ts 11ms
src/util/sumGroupByCategory.test.ts 31ms
src/util/sumGroupByCategory.ts 26ms
tsconfig.json 3ms
tsup.config.ts 2ms
