.eslintrc.json 31ms
.yarnrc.yml 14ms
app.yaml 4ms
dist/index.d.ts 112ms
dist/index.js 266ms
dist/index.mjs 97ms
package.json 3ms
src/index.ts 34ms
src/jobs/cleaner/index.ts 8ms
src/jobs/cryptocurrency/cosmos/atom.ts 13ms
src/jobs/cryptocurrency/cosmos/index.ts 3ms
src/jobs/cryptocurrency/cosmos/osmosis.ts 8ms
src/jobs/cryptocurrency/ethereum/ERC20_TOKENS.ts 1980ms
src/jobs/cryptocurrency/ethereum/getBalance.test.ts 18ms
src/jobs/cryptocurrency/ethereum/getBalance.ts 3ms
src/jobs/cryptocurrency/ethereum/index.ts 7ms
src/jobs/cryptocurrency/ethereum/web3.ts 4ms
src/jobs/cryptocurrency/harmony-one/index.ts 5ms
src/jobs/cryptocurrency/index.ts 4ms
src/jobs/history/assets.ts 5ms
src/jobs/history/getUserById.ts 2ms
src/jobs/history/index.ts 8ms
src/jobs/marketData/crypto/index.ts 15ms
src/jobs/marketData/crypto/types.ts 3ms
src/jobs/marketData/exchangeRates/index.ts 6ms
src/jobs/marketData/index.ts 1ms
src/jobs/swyftx/index.ts 20ms
src/jobs/swyftx/types.ts 6ms
src/jobs/swyftx/v2/swyftx.ts 32ms
src/util/decimal.ts 10ms
src/util/getExchangeRates.ts 3ms
src/util/getUserCurrency.ts 4ms
src/util/index.ts 3ms
src/util/progress.ts 3ms
tsconfig.json 3ms
