.eslintrc.json 29ms
.yarnrc.yml 14ms
app.yaml 2ms
dist/index.d.ts 96ms
dist/index.js 160ms
dist/index.mjs 194ms
package.json 3ms
src/index.ts 103ms
src/jobs/cleaner/index.ts 6ms
src/jobs/cryptocurrency/cosmos/atom.ts 38ms
src/jobs/cryptocurrency/cosmos/index.ts 44ms
src/jobs/cryptocurrency/cosmos/osmosis.ts 20ms
src/jobs/cryptocurrency/ethereum/ERC20_TOKENS.ts 2346ms
src/jobs/cryptocurrency/ethereum/getBalance.test.ts 15ms
src/jobs/cryptocurrency/ethereum/getBalance.ts 6ms
src/jobs/cryptocurrency/ethereum/index.ts 7ms
src/jobs/cryptocurrency/ethereum/web3.ts 2ms
src/jobs/cryptocurrency/harmony-one/index.ts 6ms
src/jobs/cryptocurrency/index.ts 3ms
src/jobs/history/assets.ts 3ms
src/jobs/history/getUserById.ts 4ms
src/jobs/history/index.ts 4ms
src/jobs/marketData/crypto/index.ts 7ms
src/jobs/marketData/crypto/types.ts 4ms
src/jobs/marketData/exchangeRates/index.ts 8ms
src/jobs/marketData/index.ts 2ms
src/jobs/swyftx/index.ts 30ms
src/jobs/swyftx/types.ts 11ms
src/jobs/swyftx/v2/swyftx.ts 24ms
src/util/decimal.ts 18ms
src/util/getExchangeRates.ts 6ms
src/util/getUserCurrency.ts 3ms
src/util/index.ts 1ms
src/util/progress.ts 3ms
tsconfig.json 2ms
tsup.config.ts 2ms
