.eslintrc.json 25ms
.yarnrc.yml 13ms
dist/index.d.ts 91ms
dist/index.js 22ms
dist/index.mjs 5ms
generated/prisma-client/index-browser.js 33ms
generated/prisma-client/index.d.ts 18270ms
generated/prisma-client/index.js 52ms
generated/prisma-client/package.json 9ms
generated/prisma-client/runtime/index-browser.d.ts 27ms
generated/prisma-client/runtime/index-browser.js 212ms
generated/prisma-client/runtime/index.d.ts 172ms
generated/prisma-client/runtime/library.d.ts 24ms
generated/prisma-client/runtime/library.js 1122ms
generated/zod/index.ts 26ms
generated/zod/inputTypeSchemas/AccountConnectionSchema.ts 3ms
generated/zod/inputTypeSchemas/AccountScalarFieldEnumSchema.ts 1ms
generated/zod/inputTypeSchemas/AssetLabelScalarFieldEnumSchema.ts 2ms
generated/zod/inputTypeSchemas/AssetScalarFieldEnumSchema.ts 4ms
generated/zod/inputTypeSchemas/AssetStatusSchema.ts 1ms
generated/zod/inputTypeSchemas/AssetTransactionScalarFieldEnumSchema.ts 3ms
generated/zod/inputTypeSchemas/BudgetEnvelopeScalarFieldEnumSchema.ts 2ms
generated/zod/inputTypeSchemas/BudgetScalarFieldEnumSchema.ts 1ms
generated/zod/inputTypeSchemas/BudgetTransactionScalarFieldEnumSchema.ts 2ms
generated/zod/inputTypeSchemas/CashSnapshotScalarFieldEnumSchema.ts 2ms
generated/zod/inputTypeSchemas/CategorySchema.ts 1ms
generated/zod/inputTypeSchemas/ColorSchemeSchema.ts 3ms
generated/zod/inputTypeSchemas/CryptocurrencyScalarFieldEnumSchema.ts 1ms
generated/zod/inputTypeSchemas/CryptoSnapshotScalarFieldEnumSchema.ts 4ms
generated/zod/inputTypeSchemas/CustomAssetCategoryScalarFieldEnumSchema.ts 1ms
generated/zod/inputTypeSchemas/IncomeScalarFieldEnumSchema.ts 2ms
generated/zod/inputTypeSchemas/index.ts 3ms
generated/zod/inputTypeSchemas/LogScalarFieldEnumSchema.ts 1ms
generated/zod/inputTypeSchemas/LogTypeSchema.ts 3ms
generated/zod/inputTypeSchemas/MarketScalarFieldEnumSchema.ts 2ms
generated/zod/inputTypeSchemas/MarketTypeSchema.ts 6ms
generated/zod/inputTypeSchemas/PortfolioSnapshotScalarFieldEnumSchema.ts 2ms
generated/zod/inputTypeSchemas/PropertySnapshotScalarFieldEnumSchema.ts 1ms
generated/zod/inputTypeSchemas/QueryModeSchema.ts 1ms
generated/zod/inputTypeSchemas/RoleSchema.ts 1ms
generated/zod/inputTypeSchemas/SecuritySnapshotScalarFieldEnumSchema.ts 2ms
generated/zod/inputTypeSchemas/SessionScalarFieldEnumSchema.ts 1ms
generated/zod/inputTypeSchemas/SettingsScalarFieldEnumSchema.ts 1ms
generated/zod/inputTypeSchemas/SortOrderSchema.ts 1ms
generated/zod/inputTypeSchemas/TransactionIsolationLevelSchema.ts 1ms
generated/zod/inputTypeSchemas/UserScalarFieldEnumSchema.ts 3ms
generated/zod/inputTypeSchemas/VerificationTokenScalarFieldEnumSchema.ts 1ms
generated/zod/modelSchema/AccountSchema.ts 2ms
generated/zod/modelSchema/AssetLabelSchema.ts 3ms
generated/zod/modelSchema/AssetSchema.ts 5ms
generated/zod/modelSchema/AssetTransactionSchema.ts 3ms
generated/zod/modelSchema/BudgetEnvelopeSchema.ts 2ms
generated/zod/modelSchema/BudgetSchema.ts 2ms
generated/zod/modelSchema/BudgetTransactionSchema.ts 4ms
generated/zod/modelSchema/CashSnapshotSchema.ts 2ms
generated/zod/modelSchema/CryptocurrencySchema.ts 2ms
generated/zod/modelSchema/CryptoSnapshotSchema.ts 1ms
generated/zod/modelSchema/CustomAssetCategorySchema.ts 2ms
generated/zod/modelSchema/IncomeSchema.ts 2ms
generated/zod/modelSchema/index.ts 2ms
generated/zod/modelSchema/LogSchema.ts 3ms
generated/zod/modelSchema/MarketSchema.ts 4ms
generated/zod/modelSchema/PortfolioSnapshotSchema.ts 7ms
generated/zod/modelSchema/PropertySnapshotSchema.ts 14ms
generated/zod/modelSchema/SecuritySnapshotSchema.ts 3ms
generated/zod/modelSchema/SessionSchema.ts 2ms
generated/zod/modelSchema/SettingsSchema.ts 3ms
generated/zod/modelSchema/UserSchema.ts 29ms
generated/zod/modelSchema/VerificationTokenSchema.ts 1ms
package.json 32ms
src/index.ts 55ms
src/seed.js 134ms
tsconfig.json 5ms
