.eslintrc.json 33ms
.yarnrc.yml 18ms
dist/index.d.ts 129ms
dist/index.js 26ms
dist/index.mjs 11ms
generated/prisma-client/index-browser.js 66ms
generated/prisma-client/index.d.ts 16331ms
generated/prisma-client/index.js 54ms
generated/prisma-client/package.json 7ms
generated/prisma-client/runtime/index-browser.d.ts 24ms
generated/prisma-client/runtime/index-browser.js 164ms
generated/prisma-client/runtime/index.d.ts 151ms
generated/prisma-client/runtime/library.d.ts 29ms
generated/prisma-client/runtime/library.js 1374ms
generated/zod/index.ts 30ms
generated/zod/inputTypeSchemas/AccountConnectionSchema.ts 3ms
generated/zod/inputTypeSchemas/AccountScalarFieldEnumSchema.ts 1ms
generated/zod/inputTypeSchemas/AssetLabelScalarFieldEnumSchema.ts 2ms
generated/zod/inputTypeSchemas/AssetScalarFieldEnumSchema.ts 4ms
generated/zod/inputTypeSchemas/AssetStatusSchema.ts 2ms
generated/zod/inputTypeSchemas/AssetTransactionScalarFieldEnumSchema.ts 5ms
generated/zod/inputTypeSchemas/BudgetEnvelopeScalarFieldEnumSchema.ts 2ms
generated/zod/inputTypeSchemas/BudgetScalarFieldEnumSchema.ts 2ms
generated/zod/inputTypeSchemas/BudgetTransactionScalarFieldEnumSchema.ts 1ms
generated/zod/inputTypeSchemas/CashSnapshotScalarFieldEnumSchema.ts 2ms
generated/zod/inputTypeSchemas/CategorySchema.ts 1ms
generated/zod/inputTypeSchemas/ColorSchemeSchema.ts 2ms
generated/zod/inputTypeSchemas/CryptocurrencyScalarFieldEnumSchema.ts 3ms
generated/zod/inputTypeSchemas/CryptoSnapshotScalarFieldEnumSchema.ts 3ms
generated/zod/inputTypeSchemas/CustomAssetCategoryScalarFieldEnumSchema.ts 1ms
generated/zod/inputTypeSchemas/IncomeScalarFieldEnumSchema.ts 2ms
generated/zod/inputTypeSchemas/index.ts 2ms
generated/zod/inputTypeSchemas/LogScalarFieldEnumSchema.ts 1ms
generated/zod/inputTypeSchemas/LogTypeSchema.ts 2ms
generated/zod/inputTypeSchemas/MarketScalarFieldEnumSchema.ts 3ms
generated/zod/inputTypeSchemas/MarketTypeSchema.ts 1ms
generated/zod/inputTypeSchemas/PortfolioSnapshotScalarFieldEnumSchema.ts 4ms
generated/zod/inputTypeSchemas/PropertySnapshotScalarFieldEnumSchema.ts 2ms
generated/zod/inputTypeSchemas/QueryModeSchema.ts 1ms
generated/zod/inputTypeSchemas/RoleSchema.ts 3ms
generated/zod/inputTypeSchemas/SecuritySnapshotScalarFieldEnumSchema.ts 2ms
generated/zod/inputTypeSchemas/SessionScalarFieldEnumSchema.ts 2ms
generated/zod/inputTypeSchemas/SettingsScalarFieldEnumSchema.ts 3ms
generated/zod/inputTypeSchemas/SortOrderSchema.ts 2ms
generated/zod/inputTypeSchemas/TransactionIsolationLevelSchema.ts 2ms
generated/zod/inputTypeSchemas/UserScalarFieldEnumSchema.ts 2ms
generated/zod/inputTypeSchemas/VerificationTokenScalarFieldEnumSchema.ts 2ms
generated/zod/modelSchema/AccountSchema.ts 3ms
generated/zod/modelSchema/AssetLabelSchema.ts 3ms
generated/zod/modelSchema/AssetSchema.ts 5ms
generated/zod/modelSchema/AssetTransactionSchema.ts 3ms
generated/zod/modelSchema/BudgetEnvelopeSchema.ts 3ms
generated/zod/modelSchema/BudgetSchema.ts 5ms
generated/zod/modelSchema/BudgetTransactionSchema.ts 5ms
generated/zod/modelSchema/CashSnapshotSchema.ts 3ms
generated/zod/modelSchema/CryptocurrencySchema.ts 3ms
generated/zod/modelSchema/CryptoSnapshotSchema.ts 4ms
generated/zod/modelSchema/CustomAssetCategorySchema.ts 4ms
generated/zod/modelSchema/IncomeSchema.ts 2ms
generated/zod/modelSchema/index.ts 2ms
generated/zod/modelSchema/LogSchema.ts 3ms
generated/zod/modelSchema/MarketSchema.ts 3ms
generated/zod/modelSchema/PortfolioSnapshotSchema.ts 2ms
generated/zod/modelSchema/PropertySnapshotSchema.ts 4ms
generated/zod/modelSchema/SecuritySnapshotSchema.ts 3ms
generated/zod/modelSchema/SessionSchema.ts 2ms
generated/zod/modelSchema/SettingsSchema.ts 3ms
generated/zod/modelSchema/UserSchema.ts 2ms
generated/zod/modelSchema/VerificationTokenSchema.ts 2ms
package.json 5ms
src/index.ts 5ms
src/seed.js 30ms
tsconfig.json 3ms
tsup.config.ts 4ms
