$ npm run generate

> database@1.0.4 generate
> prisma generate

Environment variables loaded from .env
Prisma schema loaded from prisma/schema.prisma

✔ Generated Prisma Client (4.10.1 | library) to ./generated/prisma-client in 174ms
You can now start using Prisma Client in your code. Reference: https://pris.ly/d/client
```
import { PrismaClient } from './generated/prisma-client'
const prisma = new PrismaClient()
```
$ tsup
CLI Building entry: src/index.ts
CLI Using tsconfig: tsconfig.json
CLI tsup v5.12.9
CLI Using tsup config: /Users/harrisfauntleroy/Documents/code/personal/elixir.money-monorepo/packages/database/tsup.config.ts
CLI Target: node12
CLI Cleaning output folder
CJS Build start
ESM Build start
ESM ⚡️ Build success in 5ms
CJS ⚡️ Build success in 7ms
CJS dist/index.js     1.73 KB
CJS dist/index.js.map 1.02 KB
ESM dist/index.mjs     505.00 B
ESM dist/index.mjs.map 988.00 B
DTS Build start
DTS ⚡️ Build success in 1548ms
DTS dist/index.d.ts 745.00 B
