.eslintrc.json 28ms
.storybook/main.js 18ms
.storybook/preview-head.html 16ms
.storybook/preview.js 4ms
.yarnrc.yml 12ms
dist/components/Accordion/index.d.ts 94ms
dist/components/Accordion/index.js 9ms
dist/components/Alerts/index.d.ts 4ms
dist/components/Alerts/index.js 3ms
dist/components/Autocomplete.d.ts 3ms
dist/components/Autocomplete.js 12ms
dist/components/Cards/ArticleCard.d.ts 3ms
dist/components/Cards/ArticleCard.js 7ms
dist/components/Cards/Articles.d.ts 4ms
dist/components/Cards/Articles.js 4ms
dist/components/Cards/Card.d.ts 6ms
dist/components/Cards/Card.js 2ms
dist/components/Cards/EmptyCard.d.ts 1ms
dist/components/Cards/EmptyCard.js 2ms
dist/components/Cards/FeatureCard.d.ts 2ms
dist/components/Cards/FeatureCard.js 4ms
dist/components/Cards/Features.d.ts 2ms
dist/components/Cards/Features.js 3ms
dist/components/Cards/index.d.ts 4ms
dist/components/Cards/index.js 3ms
dist/components/Cards/LineWIthDot.d.ts 3ms
dist/components/Cards/LineWIthDot.js 6ms
dist/components/Cards/MilestoneCard.d.ts 3ms
dist/components/Cards/MilestoneCard.js 6ms
dist/components/Cards/Milestones.d.ts 2ms
dist/components/Cards/Milestones.js 5ms
dist/components/Cards/Pricing.d.ts 1ms
dist/components/Cards/Pricing.js 4ms
dist/components/Debug.d.ts 2ms
dist/components/Debug.js 2ms
dist/components/Drawer/index.d.ts 1ms
dist/components/Drawer/index.js 2ms
dist/components/Form/DebouncedInput.d.ts 3ms
dist/components/Form/DebouncedInput.js 4ms
dist/components/Form/index.d.ts 2ms
dist/components/Form/index.js 1ms
dist/components/Form/TextInput.d.ts 4ms
dist/components/Form/TextInput.js 2ms
dist/components/Grid/index.d.ts 4ms
dist/components/Grid/index.js 5ms
dist/components/Icons/DirectHit.d.ts 2ms
dist/components/Icons/DirectHit.js 4ms
dist/components/Icons/Github.d.ts 3ms
dist/components/Icons/Github.js 2ms
dist/components/Icons/index.d.ts 1ms
dist/components/Icons/index.js 1ms
dist/components/Icons/Jest.d.ts 2ms
dist/components/Icons/Jest.js 2ms
dist/components/Icons/NodeJs.d.ts 1ms
dist/components/Icons/NodeJs.js 2ms
dist/components/Icons/Postgres.d.ts 2ms
dist/components/Icons/Postgres.js 2ms
dist/components/Icons/Prisma.d.ts 1ms
dist/components/Icons/Prisma.js 2ms
dist/components/Icons/React.d.ts 3ms
dist/components/Icons/React.js 3ms
dist/components/Icons/Redis.d.ts 1ms
dist/components/Icons/Redis.js 5ms
dist/components/Icons/Typescript.d.ts 6ms
dist/components/Icons/Typescript.js 2ms
dist/components/index.d.ts 2ms
dist/components/index.js 10ms
dist/components/JSON/index.d.ts 4ms
dist/components/JSON/index.js 4ms
dist/components/Layout/Body.d.ts 3ms
dist/components/Layout/Body.js 2ms
dist/components/Layout/index.d.ts 2ms
dist/components/Layout/index.js 2ms
dist/components/Layout/Page.d.ts 4ms
dist/components/Layout/Page.js 3ms
dist/components/Loading.d.ts 1ms
dist/components/Loading.js 1ms
dist/components/Markdown/Editor.d.ts 1ms
dist/components/Markdown/Editor.js 4ms
dist/components/Markdown/index.d.ts 0ms
dist/components/Markdown/index.js 1ms
dist/components/Show.d.ts 3ms
dist/components/Show.js 2ms
dist/components/Sidebar/index.d.ts 2ms
dist/components/Sidebar/index.js 3ms
dist/components/Sidebar/SidebarContent.d.ts 3ms
dist/components/Sidebar/SidebarContent.js 6ms
dist/components/Sidebar/SidebarItem.d.ts 4ms
dist/components/Sidebar/SidebarItem.js 9ms
dist/components/Stepper/index.d.ts 2ms
dist/components/Stepper/index.js 4ms
dist/components/Table/EditableCell.d.ts 3ms
dist/components/Table/EditableCell.js 6ms
dist/components/Table/Filter.d.ts 3ms
dist/components/Table/Filter.js 8ms
dist/components/Table/Header.d.ts 5ms
dist/components/Table/Header.js 5ms
dist/components/Table/index.d.ts 0ms
dist/components/Table/index.js 1ms
dist/components/Table/Pagination.d.ts 2ms
dist/components/Table/Pagination.js 5ms
dist/components/Table/Table.d.ts 8ms
dist/components/Table/Table.js 11ms
dist/components/Table/TableRow.d.ts 18ms
dist/components/Table/TableRow.js 9ms
dist/components/Tabs/index.d.ts 3ms
dist/components/Tabs/index.js 12ms
dist/hooks/index.d.ts 1ms
dist/hooks/index.js 1ms
dist/hooks/useDebounce.d.ts 1ms
dist/hooks/useDebounce.js 4ms
dist/hooks/useLocalStorage.d.ts 4ms
dist/hooks/useLocalStorage.js 11ms
dist/i18n.d.ts 2ms
dist/i18n.js 5ms
dist/i18n/en.json 3ms
dist/index.d.ts 1ms
dist/index.js 2ms
dist/src/components/Accordion/index.d.ts 5ms
dist/src/components/Accordion/index.js 5ms
dist/src/components/Accordion/index.jsx 12ms
dist/src/components/Alerts/index.d.ts 2ms
dist/src/components/Alerts/index.js 2ms
dist/src/components/Alerts/index.jsx 2ms
dist/src/components/Autocomplete.d.ts 3ms
dist/src/components/Autocomplete.js 11ms
dist/src/components/Autocomplete.jsx 6ms
dist/src/components/Cards/ArticleCard.d.ts 2ms
dist/src/components/Cards/ArticleCard.js 7ms
dist/src/components/Cards/ArticleCard.jsx 6ms
dist/src/components/Cards/Articles.d.ts 3ms
dist/src/components/Cards/Articles.js 4ms
dist/src/components/Cards/Articles.jsx 1ms
dist/src/components/Cards/Card.d.ts 2ms
dist/src/components/Cards/Card.js 1ms
dist/src/components/Cards/Card.jsx 3ms
dist/src/components/Cards/EmptyCard.d.ts 1ms
dist/src/components/Cards/EmptyCard.js 5ms
dist/src/components/Cards/EmptyCard.jsx 1ms
dist/src/components/Cards/FeatureCard.d.ts 1ms
dist/src/components/Cards/FeatureCard.js 3ms
dist/src/components/Cards/FeatureCard.jsx 5ms
dist/src/components/Cards/Features.d.ts 1ms
dist/src/components/Cards/Features.js 3ms
dist/src/components/Cards/Features.jsx 1ms
dist/src/components/Cards/index.d.ts 2ms
dist/src/components/Cards/index.js 6ms
dist/src/components/Cards/LineWIthDot.d.ts 1ms
dist/src/components/Cards/LineWIthDot.js 6ms
dist/src/components/Cards/LineWIthDot.jsx 3ms
dist/src/components/Cards/MilestoneCard.d.ts 1ms
dist/src/components/Cards/MilestoneCard.js 5ms
dist/src/components/Cards/MilestoneCard.jsx 5ms
dist/src/components/Cards/Milestones.d.ts 2ms
dist/src/components/Cards/Milestones.js 3ms
dist/src/components/Cards/Milestones.jsx 4ms
dist/src/components/Cards/Pricing.d.ts 1ms
dist/src/components/Cards/Pricing.js 5ms
dist/src/components/Cards/Pricing.jsx 3ms
dist/src/components/Debug.d.ts 2ms
dist/src/components/Debug.js 3ms
dist/src/components/Debug.jsx 5ms
dist/src/components/Drawer/index.d.ts 2ms
dist/src/components/Drawer/index.js 6ms
dist/src/components/Drawer/index.jsx 2ms
dist/src/components/Form/DebouncedInput.d.ts 2ms
dist/src/components/Form/DebouncedInput.js 4ms
dist/src/components/Form/DebouncedInput.jsx 5ms
dist/src/components/Form/index.d.ts 1ms
dist/src/components/Form/index.js 2ms
dist/src/components/Form/index.jsx 1ms
dist/src/components/Form/TextInput.d.ts 2ms
dist/src/components/Form/TextInput.js 4ms
dist/src/components/Form/TextInput.jsx 2ms
dist/src/components/Grid/index.d.ts 2ms
dist/src/components/Grid/index.js 4ms
dist/src/components/Grid/index.jsx 4ms
dist/src/components/Icons/DirectHit.d.ts 1ms
dist/src/components/Icons/DirectHit.js 6ms
dist/src/components/Icons/DirectHit.jsx 4ms
dist/src/components/Icons/Github.d.ts 2ms
dist/src/components/Icons/Github.js 2ms
dist/src/components/Icons/Github.jsx 1ms
dist/src/components/Icons/index.d.ts 2ms
dist/src/components/Icons/index.js 5ms
dist/src/components/Icons/Jest.d.ts 2ms
dist/src/components/Icons/Jest.js 3ms
dist/src/components/Icons/Jest.jsx 2ms
dist/src/components/Icons/NodeJs.d.ts 1ms
dist/src/components/Icons/NodeJs.js 6ms
dist/src/components/Icons/NodeJs.jsx 1ms
dist/src/components/Icons/Postgres.d.ts 1ms
dist/src/components/Icons/Postgres.js 3ms
dist/src/components/Icons/Postgres.jsx 2ms
dist/src/components/Icons/Prisma.d.ts 1ms
dist/src/components/Icons/Prisma.js 2ms
dist/src/components/Icons/Prisma.jsx 1ms
dist/src/components/Icons/React.d.ts 1ms
dist/src/components/Icons/React.js 2ms
dist/src/components/Icons/React.jsx 1ms
dist/src/components/Icons/Redis.d.ts 1ms
dist/src/components/Icons/Redis.js 2ms
dist/src/components/Icons/Redis.jsx 1ms
dist/src/components/Icons/Typescript.d.ts 1ms
dist/src/components/Icons/Typescript.js 1ms
dist/src/components/Icons/Typescript.jsx 1ms
dist/src/components/index.d.ts 1ms
dist/src/components/index.js 12ms
dist/src/components/JSON/index.d.ts 1ms
dist/src/components/JSON/index.js 2ms
dist/src/components/JSON/index.jsx 1ms
dist/src/components/Layout/Body.d.ts 2ms
dist/src/components/Layout/Body.js 5ms
dist/src/components/Layout/Body.jsx 2ms
dist/src/components/Layout/index.d.ts 0ms
dist/src/components/Layout/index.js 2ms
dist/src/components/Layout/Page.d.ts 2ms
dist/src/components/Layout/Page.js 3ms
dist/src/components/Layout/Page.jsx 3ms
dist/src/components/Loading.d.ts 1ms
dist/src/components/Loading.js 3ms
dist/src/components/Loading.jsx 1ms
dist/src/components/Markdown/Editor.d.ts 2ms
dist/src/components/Markdown/Editor.js 2ms
dist/src/components/Markdown/Editor.jsx 2ms
dist/src/components/Markdown/index.d.ts 1ms
dist/src/components/Markdown/index.js 4ms
dist/src/components/Show.d.ts 3ms
dist/src/components/Show.js 2ms
dist/src/components/Show.jsx 2ms
dist/src/components/Sidebar/index.d.ts 3ms
dist/src/components/Sidebar/index.js 2ms
dist/src/components/Sidebar/index.jsx 9ms
dist/src/components/Sidebar/SidebarContent.d.ts 3ms
dist/src/components/Sidebar/SidebarContent.js 4ms
dist/src/components/Sidebar/SidebarContent.jsx 3ms
dist/src/components/Sidebar/SidebarItem.d.ts 2ms
dist/src/components/Sidebar/SidebarItem.js 3ms
dist/src/components/Sidebar/SidebarItem.jsx 2ms
dist/src/components/Stepper/index.d.ts 2ms
dist/src/components/Stepper/index.js 3ms
dist/src/components/Stepper/index.jsx 3ms
dist/src/components/Table/Filter.d.ts 2ms
dist/src/components/Table/Filter.js 4ms
dist/src/components/Table/Filter.jsx 4ms
dist/src/components/Table/Header.d.ts 1ms
dist/src/components/Table/Header.js 2ms
dist/src/components/Table/Header.jsx 2ms
dist/src/components/Table/index.d.ts 0ms
dist/src/components/Table/index.js 2ms
dist/src/components/Table/Pagination.d.ts 2ms
dist/src/components/Table/Pagination.js 4ms
dist/src/components/Table/Pagination.jsx 4ms
dist/src/components/Table/Table.d.ts 4ms
dist/src/components/Table/Table.js 14ms
dist/src/components/Table/Table.jsx 10ms
dist/src/components/Tabs/index.d.ts 3ms
dist/src/components/Tabs/index.js 3ms
dist/src/components/Tabs/index.jsx 2ms
dist/src/hooks/index.d.ts 1ms
dist/src/hooks/index.js 2ms
dist/src/hooks/useDebounce.d.ts 1ms
dist/src/hooks/useDebounce.js 1ms
dist/src/hooks/useLocalStorage.d.ts 2ms
dist/src/hooks/useLocalStorage.js 3ms
dist/src/i18n.d.ts 1ms
dist/src/i18n.js 4ms
dist/src/index.d.ts 1ms
dist/src/index.js 2ms
dist/src/stories/Button.stories.d.ts 2ms
dist/src/stories/Button.stories.js 2ms
dist/src/stories/Button.stories.jsx 2ms
dist/stories/Button.stories.d.ts 1ms
dist/stories/Button.stories.js 1ms
i18next-parser.config.js 3ms
package.json 2ms
postcss.config.js 1ms
src/components/Accordion/index.tsx 5ms
src/components/Alerts/index.tsx 2ms
src/components/Autocomplete.tsx 8ms
src/components/Cards/ArticleCard.tsx 7ms
src/components/Cards/Articles.tsx 5ms
src/components/Cards/Card.tsx 2ms
src/components/Cards/EmptyCard.tsx 2ms
src/components/Cards/FeatureCard.tsx 3ms
src/components/Cards/Features.tsx 3ms
src/components/Cards/index.ts 1ms
src/components/Cards/LineWIthDot.tsx 2ms
src/components/Cards/MilestoneCard.tsx 5ms
src/components/Cards/Milestones.tsx 5ms
src/components/Cards/Pricing.tsx 4ms
src/components/Debug.tsx 3ms
src/components/Drawer/index.tsx 3ms
src/components/Form/DebouncedInput.tsx 4ms
src/components/Form/index.tsx 1ms
src/components/Form/TextInput.tsx 6ms
src/components/Grid/index.tsx 2ms
src/components/Icons/DirectHit.tsx 4ms
src/components/Icons/Github.tsx 2ms
src/components/Icons/index.ts 1ms
src/components/Icons/Jest.tsx 2ms
src/components/Icons/NodeJs.tsx 2ms
src/components/Icons/Postgres.tsx 1ms
src/components/Icons/Prisma.tsx 2ms
src/components/Icons/React.tsx 2ms
src/components/Icons/Redis.tsx 2ms
src/components/Icons/Typescript.tsx 2ms
src/components/index.ts 1ms
src/components/JSON/index.tsx 3ms
src/components/Layout/Body.tsx 4ms
src/components/Layout/index.ts 1ms
src/components/Layout/Page.tsx 4ms
src/components/Loading.tsx 1ms
src/components/Markdown/Editor.tsx 3ms
src/components/Markdown/index.ts 1ms
src/components/Show.tsx 1ms
src/components/Sidebar/index.tsx 6ms
src/components/Sidebar/SidebarContent.tsx 4ms
src/components/Sidebar/SidebarItem.tsx 5ms
src/components/Stepper/index.tsx 8ms
src/components/Table/EditableCell.tsx 4ms
src/components/Table/Filter.tsx 6ms
src/components/Table/Header.tsx 3ms
src/components/Table/index.ts 1ms
src/components/Table/Pagination.tsx 5ms
src/components/Table/Table.tsx 13ms
src/components/Table/TableRow.tsx 5ms
src/components/Tabs/index.tsx 6ms
src/hooks/index.ts 1ms
src/hooks/useDebounce.ts 1ms
src/hooks/useLocalStorage.ts 4ms
src/i18n.ts 3ms
src/i18n/en.json 1ms
src/index.ts 1ms
src/stories/Button.stories.tsx 2ms
src/types/react-table.d.ts 1ms
tsconfig.json 1ms
vite.config.js 2ms
